{"name": "*Sprzatanie utworzonych awizacji*", "status": "broken", "statusDetails": {"message": "selenium.common.exceptions.TimeoutException: Message:", "trace": "self = <tests.advices_test.TestAdvices object at 0x000001C4B5768730>\n\n    @allure.title(\"*Sprzatanie utworzonych awizacji*\")\n    def test_clean_aw(self):\n        DeletingFunctions.delete_aw(self.driver, AWData2.receiver, AWData2.deliverer)\n        self.driver.find_element_by_xpath(\"//li[@class='active']//span[text()='Kokpit']\").click()\n        DeletingFunctions.delete_aw(self.driver, AWData2.receiver, AWData2.deliverer)\n>       DeletingFunctions.delete_connection(self.driver, ContractsData.sales_number, ContractsData.purchase_number)\n\ntests\\advices_test.py:196: \n_ _ _ _ _ _ _ _ _ _ _ _ _ _ _ _ _ _ _ _ _ _ _ _ _ _ _ _ _ _ _ _ _ _ _ _ _ _ _ _ _ _ _ _ _ _ _ _ _ _ _ _ _ _ _ _ _ _ _ _ _ _ _ _ _ _ _ _ _ _ _ _ _ _ _ _ _ _ _ _ _ _ _ _ _ _ _ _ _ _ _ _ _ _ _ _ _ _ _ _ _ _ _ _ _ _ _ _ _ _ _ _ _ _ _ _ _ \nutils\\cleaning_functions.py:55: in delete_connection\n    contracts_page.set_sales_contract(sales_number)\npages\\contracts_page.py:56: in set_sales_contract\n    self.wait.until(ec.element_to_be_clickable((By.XPATH, sales_option_xpath)))\n_ _ _ _ _ _ _ _ _ _ _ _ _ _ _ _ _ _ _ _ _ _ _ _ _ _ _ _ _ _ _ _ _ _ _ _ _ _ _ _ _ _ _ _ _ _ _ _ _ _ _ _ _ _ _ _ _ _ _ _ _ _ _ _ _ _ _ _ _ _ _ _ _ _ _ _ _ _ _ _ _ _ _ _ _ _ _ _ _ _ _ _ _ _ _ _ _ _ _ _ _ _ _ _ _ _ _ _ _ _ _ _ _ _ _ _ _ \n\nself = <selenium.webdriver.support.wait.WebDriverWait (session=\"a0e1bf1a79222c9b33a755509a8def94\")>, method = <selenium.webdriver.support.expected_conditions.element_to_be_clickable object at 0x000001C4B578EE50>, message = ''\n\n    def until(self, method, message=''):\n        \"\"\"Calls the method provided with the driver as an argument until the \\\n        return value is not False.\"\"\"\n        screen = None\n        stacktrace = None\n    \n        end_time = time.time() + self._timeout\n        while True:\n            try:\n                value = method(self._driver)\n                if value:\n                    return value\n            except self._ignored_exceptions as exc:\n                screen = getattr(exc, 'screen', None)\n                stacktrace = getattr(exc, 'stacktrace', None)\n            time.sleep(self._poll)\n            if time.time() > end_time:\n                break\n>       raise TimeoutException(message, screen, stacktrace)\nE       selenium.common.exceptions.TimeoutException: Message:\n\nvenv\\lib\\site-packages\\selenium\\webdriver\\support\\wait.py:80: TimeoutException"}, "steps": [{"name": "Przejdz do 'Awizacje'", "status": "passed", "start": 1632747221715, "stop": 1632747221840}, {"name": "Usuwanie awizacji", "status": "passed", "parameters": [{"name": "receiver", "value": "'KS/004487'"}, {"name": "deliverer", "value": "'KZ/004057'"}], "start": 1632747221840, "stop": 1632747223118}, {"name": "Potwierdzenie usuniecia awizacji", "status": "passed", "start": 1632747223118, "stop": 1632747223226}, {"name": "Przejdz do 'Awizacje'", "status": "passed", "start": 1632747223323, "stop": 1632747223590}, {"name": "Usuwanie awizacji", "status": "passed", "parameters": [{"name": "receiver", "value": "'KS/004487'"}, {"name": "deliverer", "value": "'KZ/004057'"}], "start": 1632747223590, "stop": 1632747224734}, {"name": "Potwierdzenie usuniecia awizacji", "status": "passed", "start": 1632747224735, "stop": 1632747224839}, {"name": "Przejdz do 'Laczenie kontraktow'", "status": "passed", "start": 1632747224839, "stop": 1632747224975}, {"name": "Wybor kontraktu sprzedazy (po numerze awizacji)", "status": "broken", "statusDetails": {"message": "selenium.common.exceptions.TimeoutException: Message: \n\n", "trace": "  File \"c:\\users\\sara\\pycharmprojects\\tms_testy\\venv\\lib\\site-packages\\allure_commons\\_allure.py\", line 172, in impl\n    return func(*a, **kw)\n  File \"C:\\Users\\Sara\\PycharmProjects\\TMS_testy\\pages\\contracts_page.py\", line 56, in set_sales_contract\n    self.wait.until(ec.element_to_be_clickable((By.XPATH, sales_option_xpath)))\n  File \"c:\\users\\sara\\pycharmprojects\\tms_testy\\venv\\lib\\site-packages\\selenium\\webdriver\\support\\wait.py\", line 80, in until\n    raise TimeoutException(message, screen, stacktrace)\n"}, "parameters": [{"name": "sales_number", "value": "'4487'"}], "start": 1632747225981, "stop": 1632747242801}], "attachments": [{"name": "log", "source": "e2e281aa-de65-4bd8-9304-feb9f2cc087d-attachment.txt", "type": "text/plain"}, {"name": "stderr", "source": "270d5794-dc90-43a1-b543-632901270577-attachment.txt", "type": "text/plain"}], "start": 1632747221715, "stop": 1632747242804, "uuid": "e44c4603-4d43-4802-8bea-2ec10d09bb6f", "historyId": "c7f6baa0467df62a2b82897f78e4c4ac", "testCaseId": "c7579d6fe02c358a2200f0e752a6f65d", "fullName": "tests.advices_test.TestAdvices#test_clean_aw", "labels": [{"name": "tag", "value": "@pytest.mark.usefixtures('log_in_admin')"}, {"name": "parentSuite", "value": "tests"}, {"name": "suite", "value": "advices_test"}, {"name": "subSuite", "value": "TestAdvices"}, {"name": "host", "value": "DESKTOP-LSRI7PH"}, {"name": "thread", "value": "996-MainThread"}, {"name": "framework", "value": "pytest"}, {"name": "language", "value": "cpython3"}, {"name": "package", "value": "tests.advices_test"}]}