{"name": "*Sprzatanie utworzonych awizacji*", "status": "broken", "statusDetails": {"message": "selenium.common.exceptions.TimeoutException: Message:", "trace": "self = <tests.advices_test.TestAdvices object at 0x000001D2918C3790>\n\n    @allure.title(\"*Sprzatanie utworzonych awizacji*\")\n    def test_clean_aw(self):\n        DeletingFunctions.delete_aw(self.driver, AWData2.receiver, AWData2.deliverer)\n        self.driver.find_element_by_xpath(\"//li[@class='active']//span[text()='Kokpit']\").click()\n        DeletingFunctions.delete_aw(self.driver, AWData2.receiver, AWData2.deliverer)\n>       DeletingFunctions.delete_connection(self.driver, ContractsData.sales_number, ContractsData.purchase_number)\n\ntests\\advices_test.py:196: \n_ _ _ _ _ _ _ _ _ _ _ _ _ _ _ _ _ _ _ _ _ _ _ _ _ _ _ _ _ _ _ _ _ _ _ _ _ _ _ _ _ _ _ _ _ _ _ _ _ _ _ _ _ _ _ _ _ _ _ _ _ _ _ _ _ _ _ _ _ _ _ _ _ _ _ _ _ _ _ _ _ _ _ _ _ _ _ _ _ _ _ _ _ _ _ _ _ _ _ _ _ _ _ _ _ _ _ _ _ _ _ _ _ _ _ _ _ \nutils\\cleaning_functions.py:55: in delete_connection\n    contracts_page.set_sales_contract(sales_number)\npages\\contracts_page.py:56: in set_sales_contract\n    self.wait.until(ec.element_to_be_clickable((By.XPATH, sales_option_xpath)))\n_ _ _ _ _ _ _ _ _ _ _ _ _ _ _ _ _ _ _ _ _ _ _ _ _ _ _ _ _ _ _ _ _ _ _ _ _ _ _ _ _ _ _ _ _ _ _ _ _ _ _ _ _ _ _ _ _ _ _ _ _ _ _ _ _ _ _ _ _ _ _ _ _ _ _ _ _ _ _ _ _ _ _ _ _ _ _ _ _ _ _ _ _ _ _ _ _ _ _ _ _ _ _ _ _ _ _ _ _ _ _ _ _ _ _ _ _ \n\nself = <selenium.webdriver.support.wait.WebDriverWait (session=\"2c42f2ac853d7d5b9a7ade81eb2d7d4b\")>, method = <selenium.webdriver.support.expected_conditions.element_to_be_clickable object at 0x000001D2924BEA90>, message = ''\n\n    def until(self, method, message=''):\n        \"\"\"Calls the method provided with the driver as an argument until the \\\n        return value is not False.\"\"\"\n        screen = None\n        stacktrace = None\n    \n        end_time = time.time() + self._timeout\n        while True:\n            try:\n                value = method(self._driver)\n                if value:\n                    return value\n            except self._ignored_exceptions as exc:\n                screen = getattr(exc, 'screen', None)\n                stacktrace = getattr(exc, 'stacktrace', None)\n            time.sleep(self._poll)\n            if time.time() > end_time:\n                break\n>       raise TimeoutException(message, screen, stacktrace)\nE       selenium.common.exceptions.TimeoutException: Message:\n\nvenv\\lib\\site-packages\\selenium\\webdriver\\support\\wait.py:80: TimeoutException"}, "steps": [{"name": "Przejdz do 'Awizacje'", "status": "passed", "start": 1632814937172, "stop": 1632814937358}, {"name": "Usuwanie awizacji", "status": "passed", "parameters": [{"name": "receiver", "value": "'KS/004487'"}, {"name": "deliverer", "value": "'KZ/004057'"}], "start": 1632814937358, "stop": 1632814938668}, {"name": "Potwierdzenie usuniecia awizacji", "status": "passed", "start": 1632814938669, "stop": 1632814938784}, {"name": "Przejdz do 'Awizacje'", "status": "passed", "start": 1632814938868, "stop": 1632814939140}, {"name": "Usuwanie awizacji", "status": "passed", "parameters": [{"name": "receiver", "value": "'KS/004487'"}, {"name": "deliverer", "value": "'KZ/004057'"}], "start": 1632814939140, "stop": 1632814940376}, {"name": "Potwierdzenie usuniecia awizacji", "status": "passed", "start": 1632814940377, "stop": 1632814941057}, {"name": "Przejdz do 'Laczenie kontraktow'", "status": "passed", "start": 1632814941057, "stop": 1632814941180}, {"name": "Wybor kontraktu sprzedazy (po numerze awizacji)", "status": "broken", "statusDetails": {"message": "selenium.common.exceptions.TimeoutException: Message: \n\n", "trace": "  File \"c:\\users\\sara\\pycharmprojects\\tms_testy\\venv\\lib\\site-packages\\allure_commons\\_allure.py\", line 172, in impl\n    return func(*a, **kw)\n  File \"C:\\Users\\Sara\\PycharmProjects\\TMS_testy\\pages\\contracts_page.py\", line 56, in set_sales_contract\n    self.wait.until(ec.element_to_be_clickable((By.XPATH, sales_option_xpath)))\n  File \"c:\\users\\sara\\pycharmprojects\\tms_testy\\venv\\lib\\site-packages\\selenium\\webdriver\\support\\wait.py\", line 80, in until\n    raise TimeoutException(message, screen, stacktrace)\n"}, "parameters": [{"name": "sales_number", "value": "'4487'"}], "start": 1632814942193, "stop": 1632814959127}], "attachments": [{"name": "log", "source": "ce95449b-559e-47fa-8a15-5d46d738058b-attachment.txt", "type": "text/plain"}, {"name": "stderr", "source": "6f4346ca-251c-411a-97e0-07c3e764f769-attachment.txt", "type": "text/plain"}], "start": 1632814937172, "stop": 1632814959155, "uuid": "4e4ba239-681f-4dab-9ee2-7bbd6349178f", "historyId": "c7f6baa0467df62a2b82897f78e4c4ac", "testCaseId": "c7579d6fe02c358a2200f0e752a6f65d", "fullName": "tests.advices_test.TestAdvices#test_clean_aw", "labels": [{"name": "tag", "value": "@pytest.mark.usefixtures('log_in_admin')"}, {"name": "parentSuite", "value": "tests"}, {"name": "suite", "value": "advices_test"}, {"name": "subSuite", "value": "TestAdvices"}, {"name": "host", "value": "DESKTOP-LSRI7PH"}, {"name": "thread", "value": "5792-MainThread"}, {"name": "framework", "value": "pytest"}, {"name": "language", "value": "cpython3"}, {"name": "package", "value": "tests.advices_test"}]}