{"name": "Usuwanie grafiku z listy", "status": "broken", "statusDetails": {"message": "selenium.common.exceptions.NoSuchElementException: Message: no such element: Unable to locate element: {\"method\":\"xpath\",\"selector\":\"//div[text()='Pomyślnie usunięto.']\"}\n  (Session info: chrome=93.0.4577.82)", "trace": "self = <tests.schedules_test.TestSchedules object at 0x000001D2925DA0D0>\n\n    @allure.title(\"Usuwanie grafiku z listy\")\n    def test_delete_schedule_from_list(self):\n        side_bar = SideBar(self.driver)\n        side_bar.get_in_schedules()\n        schedule_page = SchedulePage(self.driver)\n        for i in range(len(ScheduleData.many_non_schedule)):\n            schedule_page.delete_schedule(ScheduleData.KS, ScheduleData.many_date_from[i],\n                                          ScheduleData.many_grain_trader[i])\n            schedule_page.confirm_delete()\n>           assert self.driver.find_element_by_xpath(\"//div[text()='Pomyślnie usunięto.']\")\n\ntests\\schedules_test.py:108: \n_ _ _ _ _ _ _ _ _ _ _ _ _ _ _ _ _ _ _ _ _ _ _ _ _ _ _ _ _ _ _ _ _ _ _ _ _ _ _ _ _ _ _ _ _ _ _ _ _ _ _ _ _ _ _ _ _ _ _ _ _ _ _ _ _ _ _ _ _ _ _ _ _ _ _ _ _ _ _ _ _ _ _ _ _ _ _ _ _ _ _ _ _ _ _ _ _ _ _ _ _ _ _ _ _ _ _ _ _ _ _ _ _ _ _ _ _ \nvenv\\lib\\site-packages\\selenium\\webdriver\\remote\\webdriver.py:394: in find_element_by_xpath\n    return self.find_element(by=By.XPATH, value=xpath)\nvenv\\lib\\site-packages\\selenium\\webdriver\\remote\\webdriver.py:976: in find_element\n    return self.execute(Command.FIND_ELEMENT, {\nvenv\\lib\\site-packages\\selenium\\webdriver\\remote\\webdriver.py:321: in execute\n    self.error_handler.check_response(response)\n_ _ _ _ _ _ _ _ _ _ _ _ _ _ _ _ _ _ _ _ _ _ _ _ _ _ _ _ _ _ _ _ _ _ _ _ _ _ _ _ _ _ _ _ _ _ _ _ _ _ _ _ _ _ _ _ _ _ _ _ _ _ _ _ _ _ _ _ _ _ _ _ _ _ _ _ _ _ _ _ _ _ _ _ _ _ _ _ _ _ _ _ _ _ _ _ _ _ _ _ _ _ _ _ _ _ _ _ _ _ _ _ _ _ _ _ _ \n\nself = <selenium.webdriver.remote.errorhandler.ErrorHandler object at 0x000001D2925863A0>\nresponse = {'status': 404, 'value': '{\"value\":{\"error\":\"no such element\",\"message\":\"no such element: Unable to locate element: {\\...\\n\\\\tRtlGetAppContainerNamedObjectPath [0x77DD7A9E+286]\\\\n\\\\tRtlGetAppContainerNamedObjectPath [0x77DD7A6E+238]\\\\n\"}}'}\n\n    def check_response(self, response):\n        \"\"\"\n        Checks that a JSON response from the WebDriver does not have an error.\n    \n        :Args:\n         - response - The JSON response from the WebDriver server as a dictionary\n           object.\n    \n        :Raises: If the response contains an error message.\n        \"\"\"\n        status = response.get('status', None)\n        if status is None or status == ErrorCode.SUCCESS:\n            return\n        value = None\n        message = response.get(\"message\", \"\")\n        screen = response.get(\"screen\", \"\")\n        stacktrace = None\n        if isinstance(status, int):\n            value_json = response.get('value', None)\n            if value_json and isinstance(value_json, basestring):\n                import json\n                try:\n                    value = json.loads(value_json)\n                    if len(value.keys()) == 1:\n                        value = value['value']\n                    status = value.get('error', None)\n                    if status is None:\n                        status = value[\"status\"]\n                        message = value[\"value\"]\n                        if not isinstance(message, basestring):\n                            value = message\n                            message = message.get('message')\n                    else:\n                        message = value.get('message', None)\n                except ValueError:\n                    pass\n    \n        exception_class = ErrorInResponseException\n        if status in ErrorCode.NO_SUCH_ELEMENT:\n            exception_class = NoSuchElementException\n        elif status in ErrorCode.NO_SUCH_FRAME:\n            exception_class = NoSuchFrameException\n        elif status in ErrorCode.NO_SUCH_WINDOW:\n            exception_class = NoSuchWindowException\n        elif status in ErrorCode.STALE_ELEMENT_REFERENCE:\n            exception_class = StaleElementReferenceException\n        elif status in ErrorCode.ELEMENT_NOT_VISIBLE:\n            exception_class = ElementNotVisibleException\n        elif status in ErrorCode.INVALID_ELEMENT_STATE:\n            exception_class = InvalidElementStateException\n        elif status in ErrorCode.INVALID_SELECTOR \\\n                or status in ErrorCode.INVALID_XPATH_SELECTOR \\\n                or status in ErrorCode.INVALID_XPATH_SELECTOR_RETURN_TYPER:\n            exception_class = InvalidSelectorException\n        elif status in ErrorCode.ELEMENT_IS_NOT_SELECTABLE:\n            exception_class = ElementNotSelectableException\n        elif status in ErrorCode.ELEMENT_NOT_INTERACTABLE:\n            exception_class = ElementNotInteractableException\n        elif status in ErrorCode.INVALID_COOKIE_DOMAIN:\n            exception_class = InvalidCookieDomainException\n        elif status in ErrorCode.UNABLE_TO_SET_COOKIE:\n            exception_class = UnableToSetCookieException\n        elif status in ErrorCode.TIMEOUT:\n            exception_class = TimeoutException\n        elif status in ErrorCode.SCRIPT_TIMEOUT:\n            exception_class = TimeoutException\n        elif status in ErrorCode.UNKNOWN_ERROR:\n            exception_class = WebDriverException\n        elif status in ErrorCode.UNEXPECTED_ALERT_OPEN:\n            exception_class = UnexpectedAlertPresentException\n        elif status in ErrorCode.NO_ALERT_OPEN:\n            exception_class = NoAlertPresentException\n        elif status in ErrorCode.IME_NOT_AVAILABLE:\n            exception_class = ImeNotAvailableException\n        elif status in ErrorCode.IME_ENGINE_ACTIVATION_FAILED:\n            exception_class = ImeActivationFailedException\n        elif status in ErrorCode.MOVE_TARGET_OUT_OF_BOUNDS:\n            exception_class = MoveTargetOutOfBoundsException\n        elif status in ErrorCode.JAVASCRIPT_ERROR:\n            exception_class = JavascriptException\n        elif status in ErrorCode.SESSION_NOT_CREATED:\n            exception_class = SessionNotCreatedException\n        elif status in ErrorCode.INVALID_ARGUMENT:\n            exception_class = InvalidArgumentException\n        elif status in ErrorCode.NO_SUCH_COOKIE:\n            exception_class = NoSuchCookieException\n        elif status in ErrorCode.UNABLE_TO_CAPTURE_SCREEN:\n            exception_class = ScreenshotException\n        elif status in ErrorCode.ELEMENT_CLICK_INTERCEPTED:\n            exception_class = ElementClickInterceptedException\n        elif status in ErrorCode.INSECURE_CERTIFICATE:\n            exception_class = InsecureCertificateException\n        elif status in ErrorCode.INVALID_COORDINATES:\n            exception_class = InvalidCoordinatesException\n        elif status in ErrorCode.INVALID_SESSION_ID:\n            exception_class = InvalidSessionIdException\n        elif status in ErrorCode.UNKNOWN_METHOD:\n            exception_class = UnknownMethodException\n        else:\n            exception_class = WebDriverException\n        if value == '' or value is None:\n            value = response['value']\n        if isinstance(value, basestring):\n            if exception_class == ErrorInResponseException:\n                raise exception_class(response, value)\n            raise exception_class(value)\n        if message == \"\" and 'message' in value:\n            message = value['message']\n    \n        screen = None\n        if 'screen' in value:\n            screen = value['screen']\n    \n        stacktrace = None\n        if 'stackTrace' in value and value['stackTrace']:\n            stacktrace = []\n            try:\n                for frame in value['stackTrace']:\n                    line = self._value_or_default(frame, 'lineNumber', '')\n                    file = self._value_or_default(frame, 'fileName', '<anonymous>')\n                    if line:\n                        file = \"%s:%s\" % (file, line)\n                    meth = self._value_or_default(frame, 'methodName', '<anonymous>')\n                    if 'className' in frame:\n                        meth = \"%s.%s\" % (frame['className'], meth)\n                    msg = \"    at %s (%s)\"\n                    msg = msg % (meth, file)\n                    stacktrace.append(msg)\n            except TypeError:\n                pass\n        if exception_class == ErrorInResponseException:\n            raise exception_class(response, message)\n        elif exception_class == UnexpectedAlertPresentException:\n            alert_text = None\n            if 'data' in value:\n                alert_text = value['data'].get('text')\n            elif 'alert' in value:\n                alert_text = value['alert'].get('text')\n            raise exception_class(message, screen, stacktrace, alert_text)\n>       raise exception_class(message, screen, stacktrace)\nE       selenium.common.exceptions.NoSuchElementException: Message: no such element: Unable to locate element: {\"method\":\"xpath\",\"selector\":\"//div[text()='Pomyślnie usunięto.']\"}\nE         (Session info: chrome=93.0.4577.82)\n\nvenv\\lib\\site-packages\\selenium\\webdriver\\remote\\errorhandler.py:242: NoSuchElementException"}, "steps": [{"name": "Przejdz do 'Grafiki'", "status": "passed", "start": 1632815485001, "stop": 1632815485108}, {"name": "Usuwanie grafiku", "status": "passed", "parameters": [{"name": "ks_number", "value": "'KS/003461'"}, {"name": "date", "value": "'2021-08-12'"}, {"name": "planned_gt", "value": "'Tester Siester'"}], "start": 1632815485108, "stop": 1632815486054}, {"name": "Potwierdzenie usuwania grafiku", "status": "passed", "start": 1632815486054, "stop": 1632815486160}, {"name": "Usuwanie grafiku", "status": "passed", "parameters": [{"name": "ks_number", "value": "'KS/003461'"}, {"name": "date", "value": "'2021-10-01'"}, {"name": "planned_gt", "value": "' '"}], "start": 1632815487298, "stop": 1632815487391}, {"name": "Potwierdzenie usuwania grafiku", "status": "passed", "start": 1632815487391, "stop": 1632815487476}, {"name": "Usuwanie grafiku", "status": "passed", "parameters": [{"name": "ks_number", "value": "'KS/003461'"}, {"name": "date", "value": "'2021-10-08'"}, {"name": "planned_gt", "value": "' '"}], "start": 1632815488485, "stop": 1632815488563}, {"name": "Potwierdzenie usuwania grafiku", "status": "passed", "start": 1632815488563, "stop": 1632815489165}, {"name": "Usuwanie grafiku", "status": "passed", "parameters": [{"name": "ks_number", "value": "'KS/003461'"}, {"name": "date", "value": "'2021-08-22'"}, {"name": "planned_gt", "value": "' '"}], "start": 1632815490188, "stop": 1632815490271}, {"name": "Potwierdzenie usuwania grafiku", "status": "passed", "start": 1632815490271, "stop": 1632815490351}, {"name": "Usuwanie grafiku", "status": "passed", "parameters": [{"name": "ks_number", "value": "'KS/003461'"}, {"name": "date", "value": "'2021-07-01'"}, {"name": "planned_gt", "value": "'Hubert Sitarski'"}], "start": 1632815491498, "stop": 1632815491579}, {"name": "Potwierdzenie usuwania grafiku", "status": "passed", "start": 1632815491579, "stop": 1632815492194}, {"name": "Usuwanie grafiku", "status": "passed", "parameters": [{"name": "ks_number", "value": "'KS/003461'"}, {"name": "date", "value": "'2021-08-24'"}, {"name": "planned_gt", "value": "'Ewan GT'"}], "start": 1632815493341, "stop": 1632815493425}, {"name": "Potwierdzenie usuwania grafiku", "status": "passed", "start": 1632815493426, "stop": 1632815493515}], "attachments": [{"name": "log", "source": "32cf7af5-c9c1-4586-aa24-3caed86540af-attachment.txt", "type": "text/plain"}, {"name": "stderr", "source": "4036c0ff-0ca1-4e4a-a848-569835dd55fa-attachment.txt", "type": "text/plain"}], "start": 1632815485001, "stop": 1632815508523, "uuid": "15dbd916-8985-4aef-9491-5088a0da78c8", "historyId": "4673b8640e00bdc080c38a60a4d7a80c", "testCaseId": "23e5cddd7f391e5a6b720965850d5989", "fullName": "tests.schedules_test.TestSchedules#test_delete_schedule_from_list", "labels": [{"name": "tag", "value": "@pytest.mark.usefixtures('log_in_admin')"}, {"name": "parentSuite", "value": "tests"}, {"name": "suite", "value": "schedules_test"}, {"name": "subSuite", "value": "TestSchedules"}, {"name": "host", "value": "DESKTOP-LSRI7PH"}, {"name": "thread", "value": "5792-MainThread"}, {"name": "framework", "value": "pytest"}, {"name": "language", "value": "cpython3"}, {"name": "package", "value": "tests.schedules_test"}]}