{"name": "Polacz kontrakty", "status": "broken", "statusDetails": {"message": "selenium.common.exceptions.TimeoutException: Message:", "trace": "self = <tests.contracts_test.TestContracts object at 0x0000025FA322FF40>\n\n    @allure.title(\"Polacz kontrakty\")\n    def test_connect_contracts(self):\n        side_bar = SideBar(self.driver)\n        side_bar.get_in_contracts()\n        contracts_page = ContractsPage(self.driver)\n        contracts_page.set_sales_contract(ContractsData.sales_number)\n>       contracts_page.set_purchase_contract(ContractsData.purchase_number)\n\ntests\\contracts_test.py:22: \n_ _ _ _ _ _ _ _ _ _ _ _ _ _ _ _ _ _ _ _ _ _ _ _ _ _ _ _ _ _ _ _ _ _ _ _ _ _ _ _ _ _ _ _ _ _ _ _ _ _ _ _ _ _ _ _ _ _ _ _ _ _ _ _ _ _ _ _ _ _ _ _ _ _ _ _ _ _ _ _ _ _ _ _ _ _ _ _ _ _ _ _ _ _ _ _ _ _ _ _ _ _ _ _ _ _ _ _ _ _ _ _ _ _ _ _ _ \npages\\contracts_page.py:69: in set_purchase_contract\n    self.wait.until(ec.element_to_be_clickable((By.XPATH, purchase_option_xpath)))\n_ _ _ _ _ _ _ _ _ _ _ _ _ _ _ _ _ _ _ _ _ _ _ _ _ _ _ _ _ _ _ _ _ _ _ _ _ _ _ _ _ _ _ _ _ _ _ _ _ _ _ _ _ _ _ _ _ _ _ _ _ _ _ _ _ _ _ _ _ _ _ _ _ _ _ _ _ _ _ _ _ _ _ _ _ _ _ _ _ _ _ _ _ _ _ _ _ _ _ _ _ _ _ _ _ _ _ _ _ _ _ _ _ _ _ _ _ \n\nself = <selenium.webdriver.support.wait.WebDriverWait (session=\"426c59f03c6c56e5a1d7c81433fab137\")>, method = <selenium.webdriver.support.expected_conditions.element_to_be_clickable object at 0x0000025FA35B4580>, message = ''\n\n    def until(self, method, message=''):\n        \"\"\"Calls the method provided with the driver as an argument until the \\\n        return value is not False.\"\"\"\n        screen = None\n        stacktrace = None\n    \n        end_time = time.time() + self._timeout\n        while True:\n            try:\n                value = method(self._driver)\n                if value:\n                    return value\n            except self._ignored_exceptions as exc:\n                screen = getattr(exc, 'screen', None)\n                stacktrace = getattr(exc, 'stacktrace', None)\n            time.sleep(self._poll)\n            if time.time() > end_time:\n                break\n>       raise TimeoutException(message, screen, stacktrace)\nE       selenium.common.exceptions.TimeoutException: Message:\n\nvenv\\lib\\site-packages\\selenium\\webdriver\\support\\wait.py:80: TimeoutException"}, "steps": [{"name": "Przejdz do 'Laczenie kontraktow'", "status": "passed", "start": 1632732317273, "stop": 1632732317383}, {"name": "Wybor kontraktu sprzedazy (po numerze awizacji)", "status": "passed", "parameters": [{"name": "sales_number", "value": "'4487'"}], "start": 1632732317383, "stop": 1632732319372}, {"name": "Wybor kontraktu zakupu (po numerze awizacji)", "status": "broken", "statusDetails": {"message": "selenium.common.exceptions.TimeoutException: Message: \n\n", "trace": "  File \"c:\\users\\sara\\pycharmprojects\\tms_testy\\venv\\lib\\site-packages\\allure_commons\\_allure.py\", line 172, in impl\n    return func(*a, **kw)\n  File \"C:\\Users\\Sara\\PycharmProjects\\TMS_testy\\pages\\contracts_page.py\", line 69, in set_purchase_contract\n    self.wait.until(ec.element_to_be_clickable((By.XPATH, purchase_option_xpath)))\n  File \"c:\\users\\sara\\pycharmprojects\\tms_testy\\venv\\lib\\site-packages\\selenium\\webdriver\\support\\wait.py\", line 80, in until\n    raise TimeoutException(message, screen, stacktrace)\n"}, "parameters": [{"name": "purchase_number", "value": "'4057'"}], "start": 1632732319372, "stop": 1632732335779}], "attachments": [{"name": "log", "source": "e5b09edb-1e44-473f-99b8-e52e6cf1e548-attachment.txt", "type": "text/plain"}, {"name": "stderr", "source": "b81ddf8f-db37-4431-9c8d-0c55703b2c81-attachment.txt", "type": "text/plain"}], "start": 1632732317273, "stop": 1632732335780, "uuid": "ac6b7a24-eb0f-4863-8224-c2d42658e3c3", "historyId": "87a5fce953831942e513d7effd18c94d", "testCaseId": "e89491385104bd4ccc255278566b8ab4", "fullName": "tests.contracts_test.TestContracts#test_connect_contracts", "labels": [{"name": "tag", "value": "@pytest.mark.usefixtures('log_in_admin')"}, {"name": "parentSuite", "value": "tests"}, {"name": "suite", "value": "contracts_test"}, {"name": "subSuite", "value": "TestContracts"}, {"name": "host", "value": "DESKTOP-LSRI7PH"}, {"name": "thread", "value": "14960-MainThread"}, {"name": "framework", "value": "pytest"}, {"name": "language", "value": "cpython3"}, {"name": "package", "value": "tests.contracts_test"}]}