{"name": "Widocznosc polaczonych kontraktow", "status": "broken", "statusDetails": {"message": "selenium.common.exceptions.ElementClickInterceptedException: Message: element click intercepted: Element <h3 class=\"m-accordion__title\">...</h3> is not clickable at point (1032, 912). Other element would receive the click: <div id=\"cb6212478-80a5-4347-b175-2d18177a1d96\" class=\"injection-container m-accordion\" data-pjax-container=\"\" data-inject=\"/sales-contracts/index-sales-contracts?purchase_contract_id=101&amp;suspended=1&amp;collapsible=1\">...</div>\n  (Session info: chrome=93.0.4577.82)", "trace": "self = <tests.contracts_test.TestContracts object at 0x00000227FF243AC0>\n\n    @allure.title(\"Widocznosc polaczonych kontraktow\")\n    def test_visibility(self):\n        # sprawdzanie widoczności w kontrakcie sprzedaży\n        side_bar = SideBar(self.driver)\n        side_bar.get_in_advices()\n        contracts_page = ContractsPage(self.driver)\n        ks_xpath = \"//a[contains(text(), '\" + ContractsData.purchase_number + \"')]/../..//a[contains(text(), '\" + \\\n                   ContractsData.sales_number + \"')]\"\n        self.driver.find_element_by_xpath(ks_xpath).click()\n        kz_visibility = contracts_page.visibility_in_sales(ContractsData.purchase_number)\n        assert kz_visibility\n    \n        # sprawdzanie widoczności w kontrakcie zakupu\n        self.driver.find_element_by_tag_name('body').send_keys(Keys.CONTROL + Keys.HOME)\n        side_bar.get_in_advices()\n        kz_xpath = \"//a[contains(text(), '\" + ContractsData.sales_number + \"')]/../..//a[contains(text(), '\" + \\\n                   ContractsData.purchase_number + \"')]\"\n        self.driver.find_element_by_xpath(kz_xpath).click()\n>       ks_visibility = contracts_page.visibility_in_purchase(ContractsData.sales_number)\n\ntests\\contracts_test.py:68: \n_ _ _ _ _ _ _ _ _ _ _ _ _ _ _ _ _ _ _ _ _ _ _ _ _ _ _ _ _ _ _ _ _ _ _ _ _ _ _ _ _ _ _ _ _ _ _ _ _ _ _ _ _ _ _ _ _ _ _ _ _ _ _ _ _ _ _ _ _ _ _ _ _ _ _ _ _ _ _ _ _ _ _ _ _ _ _ _ _ _ _ _ _ _ _ _ _ _ _ _ _ _ _ _ _ _ _ _ _ _ _ _ _ _ _ _ _ \npages\\contracts_page.py:113: in visibility_in_purchase\n    self.driver.find_element_by_xpath(self.connected_ks_xpath).click()\nvenv\\lib\\site-packages\\selenium\\webdriver\\remote\\webelement.py:80: in click\n    self._execute(Command.CLICK_ELEMENT)\nvenv\\lib\\site-packages\\selenium\\webdriver\\remote\\webelement.py:633: in _execute\n    return self._parent.execute(command, params)\nvenv\\lib\\site-packages\\selenium\\webdriver\\remote\\webdriver.py:321: in execute\n    self.error_handler.check_response(response)\n_ _ _ _ _ _ _ _ _ _ _ _ _ _ _ _ _ _ _ _ _ _ _ _ _ _ _ _ _ _ _ _ _ _ _ _ _ _ _ _ _ _ _ _ _ _ _ _ _ _ _ _ _ _ _ _ _ _ _ _ _ _ _ _ _ _ _ _ _ _ _ _ _ _ _ _ _ _ _ _ _ _ _ _ _ _ _ _ _ _ _ _ _ _ _ _ _ _ _ _ _ _ _ _ _ _ _ _ _ _ _ _ _ _ _ _ _ \n\nself = <selenium.webdriver.remote.errorhandler.ErrorHandler object at 0x00000227FF24E9A0>\nresponse = {'status': 400, 'value': '{\"value\":{\"error\":\"element click intercepted\",\"message\":\"element click intercepted: Element ...\\n\\\\tRtlGetAppContainerNamedObjectPath [0x77DD7A9E+286]\\\\n\\\\tRtlGetAppContainerNamedObjectPath [0x77DD7A6E+238]\\\\n\"}}'}\n\n    def check_response(self, response):\n        \"\"\"\n        Checks that a JSON response from the WebDriver does not have an error.\n    \n        :Args:\n         - response - The JSON response from the WebDriver server as a dictionary\n           object.\n    \n        :Raises: If the response contains an error message.\n        \"\"\"\n        status = response.get('status', None)\n        if status is None or status == ErrorCode.SUCCESS:\n            return\n        value = None\n        message = response.get(\"message\", \"\")\n        screen = response.get(\"screen\", \"\")\n        stacktrace = None\n        if isinstance(status, int):\n            value_json = response.get('value', None)\n            if value_json and isinstance(value_json, basestring):\n                import json\n                try:\n                    value = json.loads(value_json)\n                    if len(value.keys()) == 1:\n                        value = value['value']\n                    status = value.get('error', None)\n                    if status is None:\n                        status = value[\"status\"]\n                        message = value[\"value\"]\n                        if not isinstance(message, basestring):\n                            value = message\n                            message = message.get('message')\n                    else:\n                        message = value.get('message', None)\n                except ValueError:\n                    pass\n    \n        exception_class = ErrorInResponseException\n        if status in ErrorCode.NO_SUCH_ELEMENT:\n            exception_class = NoSuchElementException\n        elif status in ErrorCode.NO_SUCH_FRAME:\n            exception_class = NoSuchFrameException\n        elif status in ErrorCode.NO_SUCH_WINDOW:\n            exception_class = NoSuchWindowException\n        elif status in ErrorCode.STALE_ELEMENT_REFERENCE:\n            exception_class = StaleElementReferenceException\n        elif status in ErrorCode.ELEMENT_NOT_VISIBLE:\n            exception_class = ElementNotVisibleException\n        elif status in ErrorCode.INVALID_ELEMENT_STATE:\n            exception_class = InvalidElementStateException\n        elif status in ErrorCode.INVALID_SELECTOR \\\n                or status in ErrorCode.INVALID_XPATH_SELECTOR \\\n                or status in ErrorCode.INVALID_XPATH_SELECTOR_RETURN_TYPER:\n            exception_class = InvalidSelectorException\n        elif status in ErrorCode.ELEMENT_IS_NOT_SELECTABLE:\n            exception_class = ElementNotSelectableException\n        elif status in ErrorCode.ELEMENT_NOT_INTERACTABLE:\n            exception_class = ElementNotInteractableException\n        elif status in ErrorCode.INVALID_COOKIE_DOMAIN:\n            exception_class = InvalidCookieDomainException\n        elif status in ErrorCode.UNABLE_TO_SET_COOKIE:\n            exception_class = UnableToSetCookieException\n        elif status in ErrorCode.TIMEOUT:\n            exception_class = TimeoutException\n        elif status in ErrorCode.SCRIPT_TIMEOUT:\n            exception_class = TimeoutException\n        elif status in ErrorCode.UNKNOWN_ERROR:\n            exception_class = WebDriverException\n        elif status in ErrorCode.UNEXPECTED_ALERT_OPEN:\n            exception_class = UnexpectedAlertPresentException\n        elif status in ErrorCode.NO_ALERT_OPEN:\n            exception_class = NoAlertPresentException\n        elif status in ErrorCode.IME_NOT_AVAILABLE:\n            exception_class = ImeNotAvailableException\n        elif status in ErrorCode.IME_ENGINE_ACTIVATION_FAILED:\n            exception_class = ImeActivationFailedException\n        elif status in ErrorCode.MOVE_TARGET_OUT_OF_BOUNDS:\n            exception_class = MoveTargetOutOfBoundsException\n        elif status in ErrorCode.JAVASCRIPT_ERROR:\n            exception_class = JavascriptException\n        elif status in ErrorCode.SESSION_NOT_CREATED:\n            exception_class = SessionNotCreatedException\n        elif status in ErrorCode.INVALID_ARGUMENT:\n            exception_class = InvalidArgumentException\n        elif status in ErrorCode.NO_SUCH_COOKIE:\n            exception_class = NoSuchCookieException\n        elif status in ErrorCode.UNABLE_TO_CAPTURE_SCREEN:\n            exception_class = ScreenshotException\n        elif status in ErrorCode.ELEMENT_CLICK_INTERCEPTED:\n            exception_class = ElementClickInterceptedException\n        elif status in ErrorCode.INSECURE_CERTIFICATE:\n            exception_class = InsecureCertificateException\n        elif status in ErrorCode.INVALID_COORDINATES:\n            exception_class = InvalidCoordinatesException\n        elif status in ErrorCode.INVALID_SESSION_ID:\n            exception_class = InvalidSessionIdException\n        elif status in ErrorCode.UNKNOWN_METHOD:\n            exception_class = UnknownMethodException\n        else:\n            exception_class = WebDriverException\n        if value == '' or value is None:\n            value = response['value']\n        if isinstance(value, basestring):\n            if exception_class == ErrorInResponseException:\n                raise exception_class(response, value)\n            raise exception_class(value)\n        if message == \"\" and 'message' in value:\n            message = value['message']\n    \n        screen = None\n        if 'screen' in value:\n            screen = value['screen']\n    \n        stacktrace = None\n        if 'stackTrace' in value and value['stackTrace']:\n            stacktrace = []\n            try:\n                for frame in value['stackTrace']:\n                    line = self._value_or_default(frame, 'lineNumber', '')\n                    file = self._value_or_default(frame, 'fileName', '<anonymous>')\n                    if line:\n                        file = \"%s:%s\" % (file, line)\n                    meth = self._value_or_default(frame, 'methodName', '<anonymous>')\n                    if 'className' in frame:\n                        meth = \"%s.%s\" % (frame['className'], meth)\n                    msg = \"    at %s (%s)\"\n                    msg = msg % (meth, file)\n                    stacktrace.append(msg)\n            except TypeError:\n                pass\n        if exception_class == ErrorInResponseException:\n            raise exception_class(response, message)\n        elif exception_class == UnexpectedAlertPresentException:\n            alert_text = None\n            if 'data' in value:\n                alert_text = value['data'].get('text')\n            elif 'alert' in value:\n                alert_text = value['alert'].get('text')\n            raise exception_class(message, screen, stacktrace, alert_text)\n>       raise exception_class(message, screen, stacktrace)\nE       selenium.common.exceptions.ElementClickInterceptedException: Message: element click intercepted: Element <h3 class=\"m-accordion__title\">...</h3> is not clickable at point (1032, 912). Other element would receive the click: <div id=\"cb6212478-80a5-4347-b175-2d18177a1d96\" class=\"injection-container m-accordion\" data-pjax-container=\"\" data-inject=\"/sales-contracts/index-sales-contracts?purchase_contract_id=101&amp;suspended=1&amp;collapsible=1\">...</div>\nE         (Session info: chrome=93.0.4577.82)\n\nvenv\\lib\\site-packages\\selenium\\webdriver\\remote\\errorhandler.py:242: ElementClickInterceptedException"}, "steps": [{"name": "Przejdz do 'Awizacje'", "status": "passed", "start": 1632731535639, "stop": 1632731535761}, {"name": "Sprawdzenie widoczności polaczenia w KS", "status": "passed", "parameters": [{"name": "purchase_number", "value": "'4057'"}], "start": 1632731536802, "stop": 1632731540505}, {"name": "Przejdz do 'Awizacje'", "status": "passed", "start": 1632731540552, "stop": 1632731540638}, {"name": "Sprawdzenie widoczności polaczenia w KZ", "status": "broken", "statusDetails": {"message": "selenium.common.exceptions.ElementClickInterceptedException: Message: element click intercepted: Element <h3 class=\"m-accordion__title\">...</h3> is not clickable at point (1032, 912). Other element would receive the click: <div id=\"cb6212478-80a5-4347-b175-2d18177a1d96\" class=\"injection-container m-accordion\" data-pjax-container=\"\" data-inject=\"/sales-contracts/index-sales-contracts?purchase_contract_id=101&amp;suspended=1&amp;collapsible=1\">...</div>\n  (Session info: chrome=93.0.4577.82)\n\n", "trace": "  File \"c:\\users\\sara\\pycharmprojects\\tms_testy\\venv\\lib\\site-packages\\allure_commons\\_allure.py\", line 172, in impl\n    return func(*a, **kw)\n  File \"C:\\Users\\Sara\\PycharmProjects\\TMS_testy\\pages\\contracts_page.py\", line 113, in visibility_in_purchase\n    self.driver.find_element_by_xpath(self.connected_ks_xpath).click()\n  File \"c:\\users\\sara\\pycharmprojects\\tms_testy\\venv\\lib\\site-packages\\selenium\\webdriver\\remote\\webelement.py\", line 80, in click\n    self._execute(Command.CLICK_ELEMENT)\n  File \"c:\\users\\sara\\pycharmprojects\\tms_testy\\venv\\lib\\site-packages\\selenium\\webdriver\\remote\\webelement.py\", line 633, in _execute\n    return self._parent.execute(command, params)\n  File \"c:\\users\\sara\\pycharmprojects\\tms_testy\\venv\\lib\\site-packages\\selenium\\webdriver\\remote\\webdriver.py\", line 321, in execute\n    self.error_handler.check_response(response)\n  File \"c:\\users\\sara\\pycharmprojects\\tms_testy\\venv\\lib\\site-packages\\selenium\\webdriver\\remote\\errorhandler.py\", line 242, in check_response\n    raise exception_class(message, screen, stacktrace)\n"}, "parameters": [{"name": "sales_number", "value": "'4487'"}], "start": 1632731541776, "stop": 1632731543915}], "attachments": [{"name": "log", "source": "df68f7b6-5f31-410e-a612-241cffb66692-attachment.txt", "type": "text/plain"}, {"name": "stderr", "source": "92d8e919-326c-46c7-a0ec-b79c156a19fb-attachment.txt", "type": "text/plain"}], "start": 1632731535638, "stop": 1632731543917, "uuid": "05a9e24e-82e0-4fcc-b742-4f54ca8f164d", "historyId": "b5c06b2a9ff7047090a91a78d0183a90", "testCaseId": "3b1b4d7680ad922b7b7fec0ac8de269a", "fullName": "tests.contracts_test.TestContracts#test_visibility", "labels": [{"name": "tag", "value": "@pytest.mark.usefixtures('log_in_admin')"}, {"name": "parentSuite", "value": "tests"}, {"name": "suite", "value": "contracts_test"}, {"name": "subSuite", "value": "TestContracts"}, {"name": "host", "value": "DESKTOP-LSRI7PH"}, {"name": "thread", "value": "5556-MainThread"}, {"name": "framework", "value": "pytest"}, {"name": "language", "value": "cpython3"}, {"name": "package", "value": "tests.contracts_test"}]}