{"name": "Edycja szablonu rozliczen", "status": "broken", "statusDetails": {"message": "selenium.common.exceptions.TimeoutException: Message:", "trace": "self = <tests.payoffs_test.TestPayoffs object at 0x0000025FA35B4AF0>\n\n    @allure.title(\"Edycja szablonu rozliczen\")\n    def test_edit_payoff_template(self):\n        side_bar = SideBar(self.driver)\n        side_bar.get_in_payoffs_templates()\n        payoffs_page = PayoffsPage(self.driver)\n        payoffs_page.edit_template(PayoffsData.template_name, PayoffsData.receiver)\n>       payoffs_page.edit_template_name(PayoffsData.template_name_change)\n\ntests\\payoffs_test.py:34: \n_ _ _ _ _ _ _ _ _ _ _ _ _ _ _ _ _ _ _ _ _ _ _ _ _ _ _ _ _ _ _ _ _ _ _ _ _ _ _ _ _ _ _ _ _ _ _ _ _ _ _ _ _ _ _ _ _ _ _ _ _ _ _ _ _ _ _ _ _ _ _ _ _ _ _ _ _ _ _ _ _ _ _ _ _ _ _ _ _ _ _ _ _ _ _ _ _ _ _ _ _ _ _ _ _ _ _ _ _ _ _ _ _ _ _ _ _ \npages\\payoffs_page.py:132: in edit_template_name\n    self.wait.until(ec.element_to_be_clickable((By.XPATH, self.template_name_xpath)))\n_ _ _ _ _ _ _ _ _ _ _ _ _ _ _ _ _ _ _ _ _ _ _ _ _ _ _ _ _ _ _ _ _ _ _ _ _ _ _ _ _ _ _ _ _ _ _ _ _ _ _ _ _ _ _ _ _ _ _ _ _ _ _ _ _ _ _ _ _ _ _ _ _ _ _ _ _ _ _ _ _ _ _ _ _ _ _ _ _ _ _ _ _ _ _ _ _ _ _ _ _ _ _ _ _ _ _ _ _ _ _ _ _ _ _ _ _ \n\nself = <selenium.webdriver.support.wait.WebDriverWait (session=\"befcd33dbb83913731b0f58a6cb42cec\")>, method = <selenium.webdriver.support.expected_conditions.element_to_be_clickable object at 0x0000025FA3E0F5B0>, message = ''\n\n    def until(self, method, message=''):\n        \"\"\"Calls the method provided with the driver as an argument until the \\\n        return value is not False.\"\"\"\n        screen = None\n        stacktrace = None\n    \n        end_time = time.time() + self._timeout\n        while True:\n            try:\n                value = method(self._driver)\n                if value:\n                    return value\n            except self._ignored_exceptions as exc:\n                screen = getattr(exc, 'screen', None)\n                stacktrace = getattr(exc, 'stacktrace', None)\n            time.sleep(self._poll)\n            if time.time() > end_time:\n                break\n>       raise TimeoutException(message, screen, stacktrace)\nE       selenium.common.exceptions.TimeoutException: Message:\n\nvenv\\lib\\site-packages\\selenium\\webdriver\\support\\wait.py:80: TimeoutException"}, "steps": [{"name": "Przejdz do 'Szablony'", "status": "passed", "start": 1632732415608, "stop": 1632732415723}, {"name": "Edytowanie szablonu", "status": "passed", "parameters": [{"name": "name", "value": "'Szablon - automat'"}, {"name": "receiver", "value": "'O011350'"}], "start": 1632732415723, "stop": 1632732416356}, {"name": "Edycja nazwy szablonu", "status": "broken", "statusDetails": {"message": "selenium.common.exceptions.TimeoutException: Message: \n\n", "trace": "  File \"c:\\users\\sara\\pycharmprojects\\tms_testy\\venv\\lib\\site-packages\\allure_commons\\_allure.py\", line 172, in impl\n    return func(*a, **kw)\n  File \"C:\\Users\\Sara\\PycharmProjects\\TMS_testy\\pages\\payoffs_page.py\", line 132, in edit_template_name\n    self.wait.until(ec.element_to_be_clickable((By.XPATH, self.template_name_xpath)))\n  File \"c:\\users\\sara\\pycharmprojects\\tms_testy\\venv\\lib\\site-packages\\selenium\\webdriver\\support\\wait.py\", line 80, in until\n    raise TimeoutException(message, screen, stacktrace)\n"}, "parameters": [{"name": "new_name", "value": "'Szablon Ptaszkowo - automat'"}], "start": 1632732416357, "stop": 1632732431906}], "attachments": [{"name": "log", "source": "0892b587-fc26-4e79-943e-5a0bde3b43cb-attachment.txt", "type": "text/plain"}, {"name": "stderr", "source": "cfffc626-aedb-46a7-92b7-37125786e74d-attachment.txt", "type": "text/plain"}], "start": 1632732415608, "stop": 1632732431918, "uuid": "2e55695e-9477-4756-8f0f-9890d43e3173", "historyId": "b28fae05ae806756831aa0a4cdd1561b", "testCaseId": "807158043e510ec5f42c227f46b16d65", "fullName": "tests.payoffs_test.TestPayoffs#test_edit_payoff_template", "labels": [{"name": "tag", "value": "@pytest.mark.usefixtures('log_in_admin')"}, {"name": "parentSuite", "value": "tests"}, {"name": "suite", "value": "payoffs_test"}, {"name": "subSuite", "value": "TestPayoffs"}, {"name": "host", "value": "DESKTOP-LSRI7PH"}, {"name": "thread", "value": "14960-MainThread"}, {"name": "framework", "value": "pytest"}, {"name": "language", "value": "cpython3"}, {"name": "package", "value": "tests.payoffs_test"}]}